<?xml version="1.0" encoding="UTF-8"?>
<!-- Generated by org.testng.reporters.JUnitReportReporter -->
<testsuite hostname="ShariefShaik" failures="0" tests="2" name="runners.GooglePageRunner" time="18.120" errors="0" timestamp="2024-12-20T22:27:13 IST" skipped="0">
  <testcase classname="runners.GooglePageRunner" name="runScenario" time="12.738"/>
  <system-out/>
  <testcase classname="runners.GooglePageRunner" name="runScenario" time="5.382"/>
  <system-out/>
</testsuite> <!-- runners.GooglePageRunner -->
